This is pdfTeX, Version 3.14159265-2.6-1.40.16 (TeX Live 2015) (preloaded format=pdflatex 2015.6.19)  3 MAY 2016 17:23
entering extended mode
 restricted \write18 enabled.
 %&-line parsing enabled.
**fyp
(./fyp.tex
LaTeX2e <2015/01/01>
Babel <3.9l> and hyphenation patterns for 79 languages loaded.
(/home/cserv1_a/apps/install/texlive/2015/texmf-dist/tex/latex/base/book.cls
Document Class: book 2014/09/29 v1.4h Standard LaTeX document class
(/home/cserv1_a/apps/install/texlive/2015/texmf-dist/tex/latex/base/bk12.clo
File: bk12.clo 2014/09/29 v1.4h Standard LaTeX file (size option)
)
\c@part=\count79
\c@chapter=\count80
\c@section=\count81
\c@subsection=\count82
\c@subsubsection=\count83
\c@paragraph=\count84
\c@subparagraph=\count85
\c@figure=\count86
\c@table=\count87
\abovecaptionskip=\skip41
\belowcaptionskip=\skip42
\bibindent=\dimen102
)
(./config.tex
(/home/cserv1_a/apps/install/texlive/2015/texmf-dist/tex/latex/setspace/setspac
e.sty
Package: setspace 2011/12/19 v6.7a set line spacing
)
(/home/cserv1_a/apps/install/texlive/2015/texmf-dist/tex/latex/geometry/geometr
y.sty
Package: geometry 2010/09/12 v5.6 Page Geometry

(/home/cserv1_a/apps/install/texlive/2015/texmf-dist/tex/latex/graphics/keyval.
sty
Package: keyval 2014/10/28 v1.15 key=value parser (DPC)
\KV@toks@=\toks14
)
(/home/cserv1_a/apps/install/texlive/2015/texmf-dist/tex/generic/oberdiek/ifpdf
.sty
Package: ifpdf 2011/01/30 v2.3 Provides the ifpdf switch (HO)
Package ifpdf Info: pdfTeX in PDF mode is detected.
)
(/home/cserv1_a/apps/install/texlive/2015/texmf-dist/tex/generic/oberdiek/ifvte
x.sty
Package: ifvtex 2010/03/01 v1.5 Detect VTeX and its facilities (HO)
Package ifvtex Info: VTeX not detected.
)
(/home/cserv1_a/apps/install/texlive/2015/texmf-dist/tex/generic/ifxetex/ifxete
x.sty
Package: ifxetex 2010/09/12 v0.6 Provides ifxetex conditional
)
\Gm@cnth=\count88
\Gm@cntv=\count89
\c@Gm@tempcnt=\count90
\Gm@bindingoffset=\dimen103
\Gm@wd@mp=\dimen104
\Gm@odd@mp=\dimen105
\Gm@even@mp=\dimen106
\Gm@layoutwidth=\dimen107
\Gm@layoutheight=\dimen108
\Gm@layouthoffset=\dimen109
\Gm@layoutvoffset=\dimen110
\Gm@dimlist=\toks15
)
(/home/cserv1_a/apps/install/texlive/2015/texmf-dist/tex/latex/appendix/appendi
x.sty
Package: appendix 2009/09/02 v1.2b extra appendix facilities
\c@@pps=\count91
\c@@ppsavesec=\count92
\c@@ppsaveapp=\count93
)
(/home/cserv1_a/apps/install/texlive/2015/texmf-dist/tex/latex/lipsum/lipsum.st
y
Package: lipsum 2014/07/27 v1.3 150 paragraphs of Lorem Ipsum dummy text
\c@lips@count=\count94
)
(/home/cserv1_a/apps/install/texlive/2015/texmf-dist/tex/latex/adjustbox/adjust
box.sty
Package: adjustbox 2012/05/21 v1.0 Adjusting TeX boxes (trim, clip, ...)

(/home/cserv1_a/apps/install/texlive/2015/texmf-dist/tex/latex/xkeyval/xkeyval.
sty
Package: xkeyval 2014/12/03 v2.7a package option processing (HA)

(/home/cserv1_a/apps/install/texlive/2015/texmf-dist/tex/generic/xkeyval/xkeyva
l.tex
(/home/cserv1_a/apps/install/texlive/2015/texmf-dist/tex/generic/xkeyval/xkvuti
ls.tex
\XKV@toks=\toks16
\XKV@tempa@toks=\toks17
)
\XKV@depth=\count95
File: xkeyval.tex 2014/12/03 v2.7a key=value parser (HA)
))
(/home/cserv1_a/apps/install/texlive/2015/texmf-dist/tex/latex/adjustbox/adjcal
c.sty
Package: adjcalc 2012/05/16 v1.1 Provides advanced setlength with multiple back
-ends (calc, etex, pgfmath)
)
(/home/cserv1_a/apps/install/texlive/2015/texmf-dist/tex/latex/adjustbox/trimcl
ip.sty
Package: trimclip 2012/05/16 v1.0 Trim and clip general TeX material

(/home/cserv1_a/apps/install/texlive/2015/texmf-dist/tex/latex/graphics/graphic
x.sty
Package: graphicx 2014/10/28 v1.0g Enhanced LaTeX Graphics (DPC,SPQR)

(/home/cserv1_a/apps/install/texlive/2015/texmf-dist/tex/latex/graphics/graphic
s.sty
Package: graphics 2014/10/28 v1.0p Standard LaTeX Graphics (DPC,SPQR)

(/home/cserv1_a/apps/install/texlive/2015/texmf-dist/tex/latex/graphics/trig.st
y
Package: trig 1999/03/16 v1.09 sin cos tan (DPC)
)
(/home/cserv1_a/apps/install/texlive/2015/texmf-dist/tex/latex/latexconfig/grap
hics.cfg
File: graphics.cfg 2010/04/23 v1.9 graphics configuration of TeX Live
)
Package graphics Info: Driver file: pdftex.def on input line 94.

(/home/cserv1_a/apps/install/texlive/2015/texmf-dist/tex/latex/pdftex-def/pdfte
x.def
File: pdftex.def 2011/05/27 v0.06d Graphics/color for pdfTeX

(/home/cserv1_a/apps/install/texlive/2015/texmf-dist/tex/generic/oberdiek/infwa
rerr.sty
Package: infwarerr 2010/04/08 v1.3 Providing info/warning/error messages (HO)
)
(/home/cserv1_a/apps/install/texlive/2015/texmf-dist/tex/generic/oberdiek/ltxcm
ds.sty
Package: ltxcmds 2011/11/09 v1.22 LaTeX kernel commands for general use (HO)
)
\Gread@gobject=\count96
))
\Gin@req@height=\dimen111
\Gin@req@width=\dimen112
)
(/home/cserv1_a/apps/install/texlive/2015/texmf-dist/tex/latex/collectbox/colle
ctbox.sty
Package: collectbox 2012/05/17 v0.4b Collect macro arguments as boxes
\collectedbox=\box26
)
\tc@llx=\dimen113
\tc@lly=\dimen114
\tc@urx=\dimen115
\tc@ury=\dimen116
Package trimclip Info: Using driver 'tc-pdftex.def'.

(/home/cserv1_a/apps/install/texlive/2015/texmf-dist/tex/latex/adjustbox/tc-pdf
tex.def
File: tc-pdftex.def 2012/05/13 v1.0 Clipping driver for pdftex
))
\adjbox@Width=\dimen117
\adjbox@Height=\dimen118
\adjbox@Depth=\dimen119
\adjbox@Totalheight=\dimen120

(/home/cserv1_a/apps/install/texlive/2015/texmf-dist/tex/latex/ifoddpage/ifoddp
age.sty
Package: ifoddpage 2011/09/13 v1.0 Conditionals for odd/even page detection
\c@checkoddpage=\count97
)
(/home/cserv1_a/apps/install/texlive/2015/texmf-dist/tex/latex/varwidth/varwidt
h.sty
Package: varwidth 2009/03/30 ver 0.92;  Variable-width minipages
\@vwid@box=\box27
\sift@deathcycles=\count98
\@vwid@loff=\dimen121
\@vwid@roff=\dimen122
))
(/home/cserv1_a/apps/install/texlive/2015/texmf-dist/tex/latex/base/fontenc.sty
Package: fontenc 2005/09/27 v1.99g Standard LaTeX package
(/home/cserv1_a/apps/install/texlive/2015/texmf-dist/tex/latex/base/t1enc.def
File: t1enc.def 2005/09/27 v1.99g Standard LaTeX file
LaTeX Font Info:    Redeclaring font encoding T1 on input line 48.
))
(/home/cserv1_a/apps/install/texlive/2015/texmf-dist/tex/latex/base/textcomp.st
y
Package: textcomp 2005/09/27 v1.99g Standard LaTeX package
Package textcomp Info: Sub-encoding information:
(textcomp)               5 = only ISO-Adobe without \textcurrency
(textcomp)               4 = 5 + \texteuro
(textcomp)               3 = 4 + \textohm
(textcomp)               2 = 3 + \textestimated + \textcurrency
(textcomp)               1 = TS1 - \textcircled - \t
(textcomp)               0 = TS1 (full)
(textcomp)             Font families with sub-encoding setting implement
(textcomp)             only a restricted character set as indicated.
(textcomp)             Family '?' is the default used for unknown fonts.
(textcomp)             See the documentation for details.
Package textcomp Info: Setting ? sub-encoding to TS1/1 on input line 79.

(/home/cserv1_a/apps/install/texlive/2015/texmf-dist/tex/latex/base/ts1enc.def
File: ts1enc.def 2001/06/05 v3.0e (jk/car/fm) Standard LaTeX file
)
LaTeX Info: Redefining \oldstylenums on input line 334.
Package textcomp Info: Setting cmr sub-encoding to TS1/0 on input line 349.
Package textcomp Info: Setting cmss sub-encoding to TS1/0 on input line 350.
Package textcomp Info: Setting cmtt sub-encoding to TS1/0 on input line 351.
Package textcomp Info: Setting cmvtt sub-encoding to TS1/0 on input line 352.
Package textcomp Info: Setting cmbr sub-encoding to TS1/0 on input line 353.
Package textcomp Info: Setting cmtl sub-encoding to TS1/0 on input line 354.
Package textcomp Info: Setting ccr sub-encoding to TS1/0 on input line 355.
Package textcomp Info: Setting ptm sub-encoding to TS1/4 on input line 356.
Package textcomp Info: Setting pcr sub-encoding to TS1/4 on input line 357.
Package textcomp Info: Setting phv sub-encoding to TS1/4 on input line 358.
Package textcomp Info: Setting ppl sub-encoding to TS1/3 on input line 359.
Package textcomp Info: Setting pag sub-encoding to TS1/4 on input line 360.
Package textcomp Info: Setting pbk sub-encoding to TS1/4 on input line 361.
Package textcomp Info: Setting pnc sub-encoding to TS1/4 on input line 362.
Package textcomp Info: Setting pzc sub-encoding to TS1/4 on input line 363.
Package textcomp Info: Setting bch sub-encoding to TS1/4 on input line 364.
Package textcomp Info: Setting put sub-encoding to TS1/5 on input line 365.
Package textcomp Info: Setting uag sub-encoding to TS1/5 on input line 366.
Package textcomp Info: Setting ugq sub-encoding to TS1/5 on input line 367.
Package textcomp Info: Setting ul8 sub-encoding to TS1/4 on input line 368.
Package textcomp Info: Setting ul9 sub-encoding to TS1/4 on input line 369.
Package textcomp Info: Setting augie sub-encoding to TS1/5 on input line 370.
Package textcomp Info: Setting dayrom sub-encoding to TS1/3 on input line 371.
Package textcomp Info: Setting dayroms sub-encoding to TS1/3 on input line 372.

Package textcomp Info: Setting pxr sub-encoding to TS1/0 on input line 373.
Package textcomp Info: Setting pxss sub-encoding to TS1/0 on input line 374.
Package textcomp Info: Setting pxtt sub-encoding to TS1/0 on input line 375.
Package textcomp Info: Setting txr sub-encoding to TS1/0 on input line 376.
Package textcomp Info: Setting txss sub-encoding to TS1/0 on input line 377.
Package textcomp Info: Setting txtt sub-encoding to TS1/0 on input line 378.
Package textcomp Info: Setting lmr sub-encoding to TS1/0 on input line 379.
Package textcomp Info: Setting lmdh sub-encoding to TS1/0 on input line 380.
Package textcomp Info: Setting lmss sub-encoding to TS1/0 on input line 381.
Package textcomp Info: Setting lmssq sub-encoding to TS1/0 on input line 382.
Package textcomp Info: Setting lmvtt sub-encoding to TS1/0 on input line 383.
Package textcomp Info: Setting lmtt sub-encoding to TS1/0 on input line 384.
Package textcomp Info: Setting qhv sub-encoding to TS1/0 on input line 385.
Package textcomp Info: Setting qag sub-encoding to TS1/0 on input line 386.
Package textcomp Info: Setting qbk sub-encoding to TS1/0 on input line 387.
Package textcomp Info: Setting qcr sub-encoding to TS1/0 on input line 388.
Package textcomp Info: Setting qcs sub-encoding to TS1/0 on input line 389.
Package textcomp Info: Setting qpl sub-encoding to TS1/0 on input line 390.
Package textcomp Info: Setting qtm sub-encoding to TS1/0 on input line 391.
Package textcomp Info: Setting qzc sub-encoding to TS1/0 on input line 392.
Package textcomp Info: Setting qhvc sub-encoding to TS1/0 on input line 393.
Package textcomp Info: Setting futs sub-encoding to TS1/4 on input line 394.
Package textcomp Info: Setting futx sub-encoding to TS1/4 on input line 395.
Package textcomp Info: Setting futj sub-encoding to TS1/4 on input line 396.
Package textcomp Info: Setting hlh sub-encoding to TS1/3 on input line 397.
Package textcomp Info: Setting hls sub-encoding to TS1/3 on input line 398.
Package textcomp Info: Setting hlst sub-encoding to TS1/3 on input line 399.
Package textcomp Info: Setting hlct sub-encoding to TS1/5 on input line 400.
Package textcomp Info: Setting hlx sub-encoding to TS1/5 on input line 401.
Package textcomp Info: Setting hlce sub-encoding to TS1/5 on input line 402.
Package textcomp Info: Setting hlcn sub-encoding to TS1/5 on input line 403.
Package textcomp Info: Setting hlcw sub-encoding to TS1/5 on input line 404.
Package textcomp Info: Setting hlcf sub-encoding to TS1/5 on input line 405.
Package textcomp Info: Setting pplx sub-encoding to TS1/3 on input line 406.
Package textcomp Info: Setting pplj sub-encoding to TS1/3 on input line 407.
Package textcomp Info: Setting ptmx sub-encoding to TS1/4 on input line 408.
Package textcomp Info: Setting ptmj sub-encoding to TS1/4 on input line 409.
)
(/home/cserv1_a/apps/install/texlive/2015/texmf-dist/tex/latex/graphics/epsfig.
sty
Package: epsfig 1999/02/16 v1.7a (e)psfig emulation (SPQR)
\epsfxsize=\dimen123
\epsfysize=\dimen124
)
(/home/cserv1_a/apps/install/texlive/2015/texmf-dist/tex/latex/titlesec/titlese
c.sty
Package: titlesec 2011/12/15 v2.10.0 Sectioning titles
\ttl@box=\box28
\beforetitleunit=\skip43
\aftertitleunit=\skip44
\ttl@plus=\dimen125
\ttl@minus=\dimen126
\ttl@toksa=\toks18
\titlewidth=\dimen127
\titlewidthlast=\dimen128
\titlewidthfirst=\dimen129
)
(/home/cserv1_a/apps/install/texlive/2015/texmf-dist/tex/latex/mathtools/mathto
ols.sty
Package: mathtools 2015/06/17 v1.17 mathematical typesetting tools

(/home/cserv1_a/apps/install/texlive/2015/texmf-dist/tex/latex/tools/calc.sty
Package: calc 2014/10/28 v4.3 Infix arithmetic (KKT,FJ)
\calc@Acount=\count99
\calc@Bcount=\count100
\calc@Adimen=\dimen130
\calc@Bdimen=\dimen131
\calc@Askip=\skip45
\calc@Bskip=\skip46
LaTeX Info: Redefining \setlength on input line 80.
LaTeX Info: Redefining \addtolength on input line 81.
\calc@Ccount=\count101
\calc@Cskip=\skip47
)
(/home/cserv1_a/apps/install/texlive/2015/texmf-dist/tex/latex/mathtools/mhsetu
p.sty
Package: mhsetup 2010/01/21 v1.2a programming setup (MH)
)
(/home/cserv1_a/apps/install/texlive/2015/texmf-dist/tex/latex/amsmath/amsmath.
sty
Package: amsmath 2013/01/14 v2.14 AMS math features
\@mathmargin=\skip48

For additional information on amsmath, use the `?' option.

(/home/cserv1_a/apps/install/texlive/2015/texmf-dist/tex/latex/amsmath/amstext.
sty
Package: amstext 2000/06/29 v2.01

(/home/cserv1_a/apps/install/texlive/2015/texmf-dist/tex/latex/amsmath/amsgen.s
ty
File: amsgen.sty 1999/11/30 v2.0
\@emptytoks=\toks19
\ex@=\dimen132
))
(/home/cserv1_a/apps/install/texlive/2015/texmf-dist/tex/latex/amsmath/amsbsy.s
ty
Package: amsbsy 1999/11/29 v1.2d
\pmbraise@=\dimen133
)
(/home/cserv1_a/apps/install/texlive/2015/texmf-dist/tex/latex/amsmath/amsopn.s
ty
Package: amsopn 1999/12/14 v2.01 operator names
)
\inf@bad=\count102
LaTeX Info: Redefining \frac on input line 210.
\uproot@=\count103
\leftroot@=\count104
LaTeX Info: Redefining \overline on input line 306.
\classnum@=\count105
\DOTSCASE@=\count106
LaTeX Info: Redefining \ldots on input line 378.
LaTeX Info: Redefining \dots on input line 381.
LaTeX Info: Redefining \cdots on input line 466.
\Mathstrutbox@=\box29
\strutbox@=\box30
\big@size=\dimen134
LaTeX Font Info:    Redeclaring font encoding OML on input line 566.
LaTeX Font Info:    Redeclaring font encoding OMS on input line 567.
\macc@depth=\count107
\c@MaxMatrixCols=\count108
\dotsspace@=\muskip10
\c@parentequation=\count109
\dspbrk@lvl=\count110
\tag@help=\toks20
\row@=\count111
\column@=\count112
\maxfields@=\count113
\andhelp@=\toks21
\eqnshift@=\dimen135
\alignsep@=\dimen136
\tagshift@=\dimen137
\tagwidth@=\dimen138
\totwidth@=\dimen139
\lineht@=\dimen140
\@envbody=\toks22
\multlinegap=\skip49
\multlinetaggap=\skip50
\mathdisplay@stack=\toks23
LaTeX Info: Redefining \[ on input line 2665.
LaTeX Info: Redefining \] on input line 2666.
)
LaTeX Info: Thecontrolsequence`\('isalreadyrobust on input line 129.
LaTeX Info: Thecontrolsequence`\)'isalreadyrobust on input line 129.
LaTeX Info: Thecontrolsequence`\['isalreadyrobust on input line 129.
LaTeX Info: Thecontrolsequence`\]'isalreadyrobust on input line 129.
\g_MT_multlinerow_int=\count114
\l_MT_multwidth_dim=\dimen141
\origjot=\skip51
\l_MT_shortvdotswithinadjustabove_dim=\dimen142
\l_MT_shortvdotswithinadjustbelow_dim=\dimen143
\l_MT_above_intertext_sep=\dimen144
\l_MT_below_intertext_sep=\dimen145
\l_MT_above_shortintertext_sep=\dimen146
\l_MT_below_shortintertext_sep=\dimen147
)

Package geometry Warning: Over-specification in `h'-direction.
    `width' (597.50787pt) is ignored.


Package geometry Warning: Over-specification in `v'-direction.
    `height' (845.04684pt) is ignored.

) (./fyp.aux (./prelude.aux) (./Chapters/chapter1.aux) (./Chapters/chapter2.aux
) (./Chapters/chapter3.aux) (./Chapters/chapter4.aux) (./Chapters/chapter5.aux)
(./Chapters/chapter6.aux) (./appendix.aux))
\openout1 = `fyp.aux'.

LaTeX Font Info:    Checking defaults for OML/cmm/m/it on input line 7.
LaTeX Font Info:    ... okay on input line 7.
LaTeX Font Info:    Checking defaults for T1/cmr/m/n on input line 7.
LaTeX Font Info:    ... okay on input line 7.
LaTeX Font Info:    Checking defaults for OT1/cmr/m/n on input line 7.
LaTeX Font Info:    ... okay on input line 7.
LaTeX Font Info:    Checking defaults for OMS/cmsy/m/n on input line 7.
LaTeX Font Info:    ... okay on input line 7.
LaTeX Font Info:    Checking defaults for OMX/cmex/m/n on input line 7.
LaTeX Font Info:    ... okay on input line 7.
LaTeX Font Info:    Checking defaults for U/cmr/m/n on input line 7.
LaTeX Font Info:    ... okay on input line 7.
LaTeX Font Info:    Checking defaults for TS1/cmr/m/n on input line 7.
LaTeX Font Info:    Try loading font information for TS1+cmr on input line 7.

(/home/cserv1_a/apps/install/texlive/2015/texmf-dist/tex/latex/base/ts1cmr.fd
File: ts1cmr.fd 2014/09/29 v2.5h Standard LaTeX font definitions
)
LaTeX Font Info:    ... okay on input line 7.

*geometry* driver: auto-detecting
*geometry* detected driver: pdftex
*geometry* verbose mode - [ preamble ] result:
* driver: pdftex
* paper: a4paper
* layout: <same size as paper>
* layoutoffset:(h,v)=(0.0pt,0.0pt)
* modes: twoside 
* h-part:(L,W,R)=(71.13188pt, 455.24411pt, 71.13188pt)
* v-part:(T,H,B)=(71.13188pt, 717.00946pt, 56.9055pt)
* \paperwidth=597.50787pt
* \paperheight=845.04684pt
* \textwidth=455.24411pt
* \textheight=717.00946pt
* \oddsidemargin=-1.1381pt
* \evensidemargin=-1.1381pt
* \topmargin=-33.0119pt
* \headheight=12.0pt
* \headsep=19.8738pt
* \topskip=12.0pt
* \footskip=30.0pt
* \marginparwidth=88.0pt
* \marginparsep=7.0pt
* \columnsep=10.0pt
* \skip\footins=10.8pt plus 4.0pt minus 2.0pt
* \hoffset=0.0pt
* \voffset=0.0pt
* \mag=1000
* \@twocolumnfalse
* \@twosidetrue
* \@mparswitchtrue
* \@reversemarginfalse
* (1in=72.27pt=25.4mm, 1cm=28.453pt)


(/home/cserv1_a/apps/install/texlive/2015/texmf-dist/tex/context/base/supp-pdf.
mkii
[Loading MPS to PDF converter (version 2006.09.02).]
\scratchcounter=\count115
\scratchdimen=\dimen148
\scratchbox=\box31
\nofMPsegments=\count116
\nofMParguments=\count117
\everyMPshowfont=\toks24
\MPscratchCnt=\count118
\MPscratchDim=\dimen149
\MPnumerator=\count119
\makeMPintoPDFobject=\count120
\everyMPtoPDFconversion=\toks25
)
(/home/cserv1_a/apps/install/texlive/2015/texmf-dist/tex/generic/oberdiek/pdfte
xcmds.sty
Package: pdftexcmds 2011/11/29 v0.20 Utility functions of pdfTeX for LuaTeX (HO
)

(/home/cserv1_a/apps/install/texlive/2015/texmf-dist/tex/generic/oberdiek/iflua
tex.sty
Package: ifluatex 2010/03/01 v1.3 Provides the ifluatex switch (HO)
Package ifluatex Info: LuaTeX not detected.
)
Package pdftexcmds Info: LuaTeX not detected.
Package pdftexcmds Info: \pdf@primitive is available.
Package pdftexcmds Info: \pdf@ifprimitive is available.
Package pdftexcmds Info: \pdfdraftmode found.
)
(/home/cserv1_a/apps/install/texlive/2015/texmf-dist/tex/latex/oberdiek/epstopd
f-base.sty
Package: epstopdf-base 2010/02/09 v2.5 Base part for package epstopdf

(/home/cserv1_a/apps/install/texlive/2015/texmf-dist/tex/latex/oberdiek/grfext.
sty
Package: grfext 2010/08/19 v1.1 Manage graphics extensions (HO)

(/home/cserv1_a/apps/install/texlive/2015/texmf-dist/tex/generic/oberdiek/kvdef
inekeys.sty
Package: kvdefinekeys 2011/04/07 v1.3 Define keys (HO)
))
(/home/cserv1_a/apps/install/texlive/2015/texmf-dist/tex/latex/oberdiek/kvoptio
ns.sty
Package: kvoptions 2011/06/30 v3.11 Key value format for package options (HO)

(/home/cserv1_a/apps/install/texlive/2015/texmf-dist/tex/generic/oberdiek/kvset
keys.sty
Package: kvsetkeys 2012/04/25 v1.16 Key value parser (HO)

(/home/cserv1_a/apps/install/texlive/2015/texmf-dist/tex/generic/oberdiek/etexc
mds.sty
Package: etexcmds 2011/02/16 v1.5 Avoid name clashes with e-TeX commands (HO)
Package etexcmds Info: Could not find \expanded.
(etexcmds)             That can mean that you are not using pdfTeX 1.50 or
(etexcmds)             that some package has redefined \expanded.
(etexcmds)             In the latter case, load this package earlier.
)))
Package grfext Info: Graphics extension search list:
(grfext)             [.png,.pdf,.jpg,.mps,.jpeg,.jbig2,.jb2,.PNG,.PDF,.JPG,.JPE
G,.JBIG2,.JB2,.eps]
(grfext)             \AppendGraphicsExtensions on input line 452.

(/home/cserv1_a/apps/install/texlive/2015/texmf-dist/tex/latex/latexconfig/epst
opdf-sys.cfg
File: epstopdf-sys.cfg 2010/07/13 v1.3 Configuration of (r)epstopdf for TeX Liv
e
))
\openout2 = `prelude.aux'.

 (./prelude.tex
*geometry* verbose mode - [ newgeometry ] result:
* driver: pdftex
* paper: a4paper
* layout: <same size as paper>
* layoutoffset:(h,v)=(0.0pt,0.0pt)
* modes: twoside 
* h-part:(L,W,R)=(71.13188pt, 455.24411pt, 71.13188pt)
* v-part:(T,H,B)=(128.0374pt, 714.164pt, 2.84544pt)
* \paperwidth=597.50787pt
* \paperheight=845.04684pt
* \textwidth=455.24411pt
* \textheight=714.164pt
* \oddsidemargin=-1.1381pt
* \evensidemargin=-1.1381pt
* \topmargin=23.89362pt
* \headheight=12.0pt
* \headsep=19.8738pt
* \topskip=12.0pt
* \footskip=30.0pt
* \marginparwidth=88.0pt
* \marginparsep=7.0pt
* \columnsep=10.0pt
* \skip\footins=10.8pt plus 4.0pt minus 2.0pt
* \hoffset=0.0pt
* \voffset=0.0pt
* \mag=1000
* \@twocolumnfalse
* \@twosidetrue
* \@mparswitchtrue
* \@reversemarginfalse
* (1in=72.27pt=25.4mm, 1cm=28.453pt)

LaTeX Font Info:    Try loading font information for T1+ptm on input line 2.

(/home/cserv1_a/apps/install/texlive/2015/texmf-dist/tex/latex/psnfss/t1ptm.fd
File: t1ptm.fd 2001/06/04 font definitions for T1/ptm.
) <logo_black.png, id=1, 770.88pt x 219.82124pt>
File: logo_black.png Graphic file (type png)
 <use logo_black.png>
Package pdftex.def Info: logo_black.png used on input line 2.
(pdftex.def)             Requested size: 154.17326pt x 43.96346pt.
 [1




{/home/cserv1_a/apps/install/texlive/2015/texmf-var/fonts/map/pdftex/updmap/pdf
tex.map} <./logo_black.png>]
Underfull \hbox (badness 10000) in paragraph at lines 16--17
[]\T1/cmr/m/n/12 Supervisor, As-ses-sor
 []


Underfull \hbox (badness 10000) in paragraph at lines 18--19
[]\T1/cmr/m/n/12 Client, Su-per-vi-sor
 []


Underfull \hbox (badness 10000) in paragraph at lines 23--29

 []

[2


] (./summary.tex) [3

] (./acknowledge.tex) [4

] (./fyp.toc)
\tf@toc=\write3
\openout3 = `fyp.toc'.

) [5

]
\openout2 = `./Chapters/chapter1.aux'.


(./Chapters/chapter1.tex
Chapter 1.
[1



]) [2]
\openout2 = `./Chapters/chapter2.aux'.

 (./Chapters/chapter2.tex
Chapter 2.
[3



] [4] <images/arch.png, id=43, 697.8572pt x 391.4625pt>
File: images/arch.png Graphic file (type png)

<use images/arch.png>
Package pdftex.def Info: images/arch.png used on input line 34.
(pdftex.def)             Requested size: 455.24411pt x 255.36748pt.
 [5 <./images/arch.png (PNG copy)>]
<images/latency.png, id=47, 401.5pt x 196.735pt>
File: images/latency.png Graphic file (type png)
 <use images/latency.png>
Package pdftex.def Info: images/latency.png used on input line 46.
(pdftex.def)             Requested size: 364.19667pt x 178.46774pt.

Underfull \vbox (badness 3815) has occurred while \output is active []

 [6 <./images/latency.png>] [7]) [8]
\openout2 = `./Chapters/chapter3.aux'.

 (./Chapters/chapter3.tex
Chapter 3.
[9



] <images/cloudsystemmodel.png, id=62, 672.5125pt x 1016.79875pt>
File: images/cloudsystemmodel.png Graphic file (type png)

<use images/cloudsystemmodel.png>
Package pdftex.def Info: images/cloudsystemmodel.png used on input line 19.
(pdftex.def)             Requested size: 409.71692pt x 619.4706pt.

Underfull \vbox (badness 10000) has occurred while \output is active []

 [10

 <./images/cloudsystemmodel.png>] [11]
<images/tree.png, id=71, 638.385pt x 285.065pt>
File: images/tree.png Graphic file (type png)
 <use images/tree.png>
Package pdftex.def Info: images/tree.png used on input line 49.
(pdftex.def)             Requested size: 364.19667pt x 162.62793pt.
 [12 <./images/tree.png>] <images/network.png, id=77, 1021.8175pt x 662.475pt>
File: images/network.png Graphic file (type png)

<use images/network.png>
Package pdftex.def Info: images/network.png used on input line 67.
(pdftex.def)             Requested size: 455.24411pt x 295.13908pt.


LaTeX Warning: `!h' float specifier changed to `!ht'.

) [13] [14 <./images/network.png>]
\openout2 = `./Chapters/chapter4.aux'.

 (./Chapters/chapter4.tex
Chapter 4.
) [15



]
\openout2 = `./Chapters/chapter5.aux'.

 (./Chapters/chapter5.tex [16



]
Chapter 5.
) [17]
\openout2 = `./Chapters/chapter6.aux'.

 (./Chapters/chapter6.tex [18



]
Chapter 6.
) [19] (./fyp.bbl [20


] [21]) [22]
\openout2 = `appendix.aux'.

 (./appendix.tex [23



] [24]
Appendix A.
[25

] [26

]
Appendix B.
) [27] (./fyp.aux (./prelude.aux) (./Chapters/chapter1.aux)
(./Chapters/chapter2.aux) (./Chapters/chapter3.aux) (./Chapters/chapter4.aux)
(./Chapters/chapter5.aux) (./Chapters/chapter6.aux) (./appendix.aux))

LaTeX Warning: Label(s) may have changed. Rerun to get cross-references right.

 ) 
Here is how much of TeX's memory you used:
 5354 strings out of 493089
 78987 string characters out of 6127232
 246723 words of memory out of 5000000
 8651 multiletter control sequences out of 15000+600000
 17788 words of font info for 39 fonts, out of 8000000 for 9000
 1141 hyphenation exceptions out of 8191
 42i,10n,64p,1070b,415s stack positions out of 5000i,500n,10000p,200000b,80000s
{/home/cserv1_a/apps/install/texlive/2015/texmf-dist/fonts/enc/dvips/cm-super
/cm-super-t1.enc}{/home/cserv1_a/apps/install/texlive/2015/texmf-dist/fonts/enc
/dvips/cm-super/cm-super-ts1.enc}{/home/cserv1_a/apps/install/texlive/2015/texm
f-dist/fonts/enc/dvips/base/8r.enc}</home/cserv1_a/apps/install/texlive/2015/te
xmf-dist/fonts/type1/public/amsfonts/cm/cmmi12.pfb></home/cserv1_a/apps/install
/texlive/2015/texmf-dist/fonts/type1/public/amsfonts/cm/cmmi8.pfb></home/cserv1
_a/apps/install/texlive/2015/texmf-dist/fonts/type1/public/amsfonts/cm/cmr12.pf
b></home/cserv1_a/apps/install/texlive/2015/texmf-dist/fonts/type1/public/amsfo
nts/cm/cmsy10.pfb></home/cserv1_a/apps/install/texlive/2015/texmf-dist/fonts/ty
pe1/public/cm-super/sfbx1200.pfb></home/cserv1_a/apps/install/texlive/2015/texm
f-dist/fonts/type1/public/cm-super/sfbx1440.pfb></home/cserv1_a/apps/install/te
xlive/2015/texmf-dist/fonts/type1/public/cm-super/sfbx1728.pfb></home/cserv1_a/
apps/install/texlive/2015/texmf-dist/fonts/type1/public/cm-super/sfbx2488.pfb><
/home/cserv1_a/apps/install/texlive/2015/texmf-dist/fonts/type1/public/cm-super
/sfrm1200.pfb></home/cserv1_a/apps/install/texlive/2015/texmf-dist/fonts/type1/
public/cm-super/sfsl1200.pfb></home/cserv1_a/apps/install/texlive/2015/texmf-di
st/fonts/type1/public/cm-super/sfti1200.pfb></home/cserv1_a/apps/install/texliv
e/2015/texmf-dist/fonts/type1/urw/times/utmr8a.pfb>
Output written on fyp.pdf (32 pages, 338508 bytes).
PDF statistics:
 170 PDF objects out of 1000 (max. 8388607)
 114 compressed objects within 2 object streams
 0 named destinations out of 1000 (max. 500000)
 31 words of extra memory for PDF output out of 10000 (max. 10000000)

